#
# There is insufficient memory for the Java Runtime Environment to continue.
# Native memory allocation (malloc) failed to allocate 582896 bytes for Chunk::new
# Possible reasons:
#   The system is out of physical RAM or swap space
#   The process is running with CompressedOops enabled, and the Java Heap may be blocking the growth of the native heap
# Possible solutions:
#   Reduce memory load on the system
#   Increase physical memory or swap space
#   Check if swap backing store is full
#   Decrease Java heap size (-Xmx/-Xms)
#   Decrease number of Java threads
#   Decrease Java thread stack sizes (-Xss)
#   Set larger code cache with -XX:ReservedCodeCacheSize=
#   JVM is running with Zero Based Compressed Oops mode in which the Java heap is
#     placed in the first 32GB address space. The Java Heap base address is the
#     maximum limit for the native heap growth. Please use -XX:HeapBaseMinAddress
#     to set the Java Heap base and to place the Java Heap above 32GB virtual address.
# This output file may be truncated or incomplete.
#
#  Out of Memory Error (./src/hotspot/share/memory/arena.cpp:197), pid=6120, tid=828
#
# JRE version: OpenJDK Runtime Environment (11.0.12+7) (build 11.0.12+7-b1504.28-7817840)
# Java VM: OpenJDK 64-Bit Server VM (11.0.12+7-b1504.28-7817840, mixed mode, tiered, compressed oops, g1 gc, windows-amd64)
# No core dump will be written. Minidumps are not enabled by default on client versions of Windows
#

---------------  S U M M A R Y ------------

Command Line: org.jetbrains.kotlin.cli.jvm.K2JVMCompiler @C:\Users\Higa\AndroidStudioProjects\ProjetoFinal\app\build\20220703_6927096184549608120.compiler.options

Host: Intel(R) Core(TM) i5-4200U CPU @ 1.60GHz, 4 cores, 11G,  Windows 10 , 64 bit Build 18362 (10.0.18362.1350)
Time: Sun Jul  3 17:46:42 2022 E. South America Standard Time elapsed time: 3.256196 seconds (0d 0h 0m 3s)

---------------  T H R E A D  ---------------

Current thread (0x000001bccfa87800):  JavaThread "C2 CompilerThread0" daemon [_thread_in_native, id=828, stack(0x000000274c800000,0x000000274c900000)]


Current CompileTask:
C2:   3256 2307       4       org.jetbrains.kotlin.com.intellij.openapi.vfs.impl.ZipHandlerBase::getOrCreate (305 bytes)

Stack: [0x000000274c800000,0x000000274c900000]
Native frames: (J=compiled Java code, j=interpreted, Vv=VM code, C=native code)
V  [jvm.dll+0x5fbcea]
V  [jvm.dll+0x731905]
V  [jvm.dll+0x732f1d]
V  [jvm.dll+0x7335d3]
V  [jvm.dll+0x247bf8]
V  [jvm.dll+0xc018c]
V  [jvm.dll+0xc06cc]
V  [jvm.dll+0x2bcc04]
V  [jvm.dll+0x5113a8]
V  [jvm.dll+0x2018ec]
V  [jvm.dll+0x1ff71f]
V  [jvm.dll+0x18868c]
V  [jvm.dll+0x20e0d7]
V  [jvm.dll+0x20c901]
V  [jvm.dll+0x6f9b7f]
V  [jvm.dll+0x6f26a5]
V  [jvm.dll+0x5fabf6]
C  [ucrtbase.dll+0x210b2]
C  [KERNEL32.DLL+0x17c24]
C  [ntdll.dll+0x6d721]


---------------  P R O C E S S  ---------------

Threads class SMR info:
_java_thread_list=0x000001bcd0fb8b70, length=11, elements={
0x000001bcb10ee800, 0x000001bccf23c000, 0x000001bccf23d800, 0x000001bccfa82000,
0x000001bccfa84000, 0x000001bccfa86000, 0x000001bccfa87800, 0x000001bccfad2000,
0x000001bccfad5800, 0x000001bccfc45800, 0x000001bccfc44000
}

Java Threads: ( => current thread )
  0x000001bcb10ee800 JavaThread "main" [_thread_in_Java, id=5944, stack(0x000000274bc00000,0x000000274bd00000)]
  0x000001bccf23c000 JavaThread "Reference Handler" daemon [_thread_blocked, id=232, stack(0x000000274c300000,0x000000274c400000)]
  0x000001bccf23d800 JavaThread "Finalizer" daemon [_thread_blocked, id=10144, stack(0x000000274c400000,0x000000274c500000)]
  0x000001bccfa82000 JavaThread "Signal Dispatcher" daemon [_thread_blocked, id=2704, stack(0x000000274c500000,0x000000274c600000)]
  0x000001bccfa84000 JavaThread "Attach Listener" daemon [_thread_blocked, id=5924, stack(0x000000274c600000,0x000000274c700000)]
  0x000001bccfa86000 JavaThread "Service Thread" daemon [_thread_blocked, id=2848, stack(0x000000274c700000,0x000000274c800000)]
=>0x000001bccfa87800 JavaThread "C2 CompilerThread0" daemon [_thread_in_native, id=828, stack(0x000000274c800000,0x000000274c900000)]
  0x000001bccfad2000 JavaThread "C1 CompilerThread0" daemon [_thread_blocked, id=3752, stack(0x000000274c900000,0x000000274ca00000)]
  0x000001bccfad5800 JavaThread "Sweeper thread" daemon [_thread_blocked, id=9716, stack(0x000000274ca00000,0x000000274cb00000)]
  0x000001bccfc45800 JavaThread "Common-Cleaner" daemon [_thread_blocked, id=660, stack(0x000000274cc00000,0x000000274cd00000)]
  0x000001bccfc44000 JavaThread "C2 CompilerThread1" daemon [_thread_in_native, id=5740, stack(0x000000274cd00000,0x000000274ce00000)]

Other Threads:
  0x000001bccf232800 VMThread "VM Thread" [stack: 0x000000274c200000,0x000000274c300000] [id=68]
  0x000001bccfc3c000 WatcherThread [stack: 0x000000274cb00000,0x000000274cc00000] [id=9220]
  0x000001bcb1107000 GCTaskThread "GC Thread#0" [stack: 0x000000274bd00000,0x000000274be00000] [id=3608]
  0x000001bcd012b000 GCTaskThread "GC Thread#1" [stack: 0x000000274ce00000,0x000000274cf00000] [id=3544]
  0x000001bcd012e800 GCTaskThread "GC Thread#2" [stack: 0x000000274cf00000,0x000000274d000000] [id=1232]
  0x000001bcd0083000 GCTaskThread "GC Thread#3" [stack: 0x000000274d000000,0x000000274d100000] [id=5972]
  0x000001bcb114c800 ConcurrentGCThread "G1 Main Marker" [stack: 0x000000274be00000,0x000000274bf00000] [id=7288]
  0x000001bcb114d800 ConcurrentGCThread "G1 Conc#0" [stack: 0x000000274bf00000,0x000000274c000000] [id=2716]
  0x000001bcb11be000 ConcurrentGCThread "G1 Refine#0" [stack: 0x000000274c000000,0x000000274c100000] [id=3492]
  0x000001bccf09e800 ConcurrentGCThread "G1 Young RemSet Sampling" [stack: 0x000000274c100000,0x000000274c200000] [id=2196]

Threads with active compile tasks:
C2 CompilerThread0   3304 2307       4       org.jetbrains.kotlin.com.intellij.openapi.vfs.impl.ZipHandlerBase::getOrCreate (305 bytes)
C2 CompilerThread1   3304 2028   !   4       jdk.internal.loader.BuiltinClassLoader::loadClassOrNull (143 bytes)

VM state:not at safepoint (normal execution)

VM Mutex/Monitor currently owned by a thread: None

Heap address: 0x0000000741600000, size: 3050 MB, Compressed Oops mode: Zero based, Oop shift amount: 3
Narrow klass base: 0x0000000800000000, Narrow klass shift: 0
Compressed class space size: 1073741824 Address: 0x0000000800000000

Heap:
 garbage-first heap   total 196608K, used 21150K [0x0000000741600000, 0x0000000800000000)
  region size 1024K, 8 young (8192K), 7 survivors (7168K)
 Metaspace       used 30910K, capacity 31293K, committed 31612K, reserved 1077248K
  class space    used 3659K, capacity 3857K, committed 3964K, reserved 1048576K
Heap Regions: E=young(eden), S=young(survivor), O=old, HS=humongous(starts), HC=humongous(continues), CS=collection set, F=free, A=archive, TAMS=top-at-mark-start (previous, next)
|   0|0x0000000741600000, 0x0000000741700000, 0x0000000741700000|100%|HS|  |TAMS 0x0000000741700000, 0x0000000741600000| Complete 
|   1|0x0000000741700000, 0x0000000741800000, 0x0000000741800000|100%|HC|  |TAMS 0x0000000741800000, 0x0000000741700000| Complete 
|   2|0x0000000741800000, 0x0000000741900000, 0x0000000741900000|100%|HC|  |TAMS 0x0000000741900000, 0x0000000741800000| Complete 
|   3|0x0000000741900000, 0x0000000741a00000, 0x0000000741a00000|100%| O|  |TAMS 0x0000000741900000, 0x0000000741900000| Untracked 
|   4|0x0000000741a00000, 0x0000000741b00000, 0x0000000741b00000|100%| O|  |TAMS 0x0000000741a31a00, 0x0000000741a00000| Untracked 
|   5|0x0000000741b00000, 0x0000000741c00000, 0x0000000741c00000|100%|HS|  |TAMS 0x0000000741b00000, 0x0000000741b00000| Complete 
|   6|0x0000000741c00000, 0x0000000741d00000, 0x0000000741d00000|100%|HC|  |TAMS 0x0000000741c00000, 0x0000000741c00000| Complete 
|   7|0x0000000741d00000, 0x0000000741e00000, 0x0000000741e00000|100%|HC|  |TAMS 0x0000000741d00000, 0x0000000741d00000| Complete 
|   8|0x0000000741e00000, 0x0000000741f00000, 0x0000000741f00000|100%|HS|  |TAMS 0x0000000741e00000, 0x0000000741e00000| Complete 
|   9|0x0000000741f00000, 0x0000000742000000, 0x0000000742000000|100%|HC|  |TAMS 0x0000000741f00000, 0x0000000741f00000| Complete 
|  10|0x0000000742000000, 0x0000000742100000, 0x0000000742100000|100%| O|  |TAMS 0x0000000742000000, 0x0000000742000000| Untracked 
|  11|0x0000000742100000, 0x0000000742200000, 0x0000000742200000|100%| O|  |TAMS 0x0000000742100000, 0x0000000742100000| Untracked 
|  12|0x0000000742200000, 0x0000000742300000, 0x0000000742300000|100%| O|  |TAMS 0x0000000742200000, 0x0000000742200000| Untracked 
|  13|0x0000000742300000, 0x0000000742400000, 0x0000000742400000|100%| O|  |TAMS 0x0000000742300000, 0x0000000742300000| Untracked 
|  14|0x0000000742400000, 0x0000000742470608, 0x0000000742500000| 43%| O|  |TAMS 0x0000000742400000, 0x0000000742400000| Untracked 
|  15|0x0000000742500000, 0x0000000742500000, 0x0000000742600000|  0%| F|  |TAMS 0x0000000742500000, 0x0000000742500000| Untracked 
|  16|0x0000000742600000, 0x0000000742600000, 0x0000000742700000|  0%| F|  |TAMS 0x0000000742600000, 0x0000000742600000| Untracked 
|  17|0x0000000742700000, 0x0000000742700000, 0x0000000742800000|  0%| F|  |TAMS 0x0000000742700000, 0x0000000742700000| Untracked 
|  18|0x0000000742800000, 0x0000000742800000, 0x0000000742900000|  0%| F|  |TAMS 0x0000000742800000, 0x0000000742800000| Untracked 
|  19|0x0000000742900000, 0x0000000742900000, 0x0000000742a00000|  0%| F|  |TAMS 0x0000000742900000, 0x0000000742900000| Untracked 
|  20|0x0000000742a00000, 0x0000000742a00000, 0x0000000742b00000|  0%| F|  |TAMS 0x0000000742a00000, 0x0000000742a00000| Untracked 
|  21|0x0000000742b00000, 0x0000000742b00000, 0x0000000742c00000|  0%| F|  |TAMS 0x0000000742b00000, 0x0000000742b00000| Untracked 
|  22|0x0000000742c00000, 0x0000000742c00000, 0x0000000742d00000|  0%| F|  |TAMS 0x0000000742c00000, 0x0000000742c00000| Untracked 
|  23|0x0000000742d00000, 0x0000000742d00000, 0x0000000742e00000|  0%| F|  |TAMS 0x0000000742d00000, 0x0000000742d00000| Untracked 
|  24|0x0000000742e00000, 0x0000000742e00000, 0x0000000742f00000|  0%| F|  |TAMS 0x0000000742e00000, 0x0000000742e00000| Untracked 
|  25|0x0000000742f00000, 0x0000000742f00000, 0x0000000743000000|  0%| F|  |TAMS 0x0000000742f00000, 0x0000000742f00000| Untracked 
|  26|0x0000000743000000, 0x0000000743000000, 0x0000000743100000|  0%| F|  |TAMS 0x0000000743000000, 0x0000000743000000| Untracked 
|  27|0x0000000743100000, 0x0000000743100000, 0x0000000743200000|  0%| F|  |TAMS 0x0000000743100000, 0x0000000743100000| Untracked 
|  28|0x0000000743200000, 0x0000000743200000, 0x0000000743300000|  0%| F|  |TAMS 0x0000000743200000, 0x0000000743200000| Untracked 
|  29|0x0000000743300000, 0x0000000743300000, 0x0000000743400000|  0%| F|  |TAMS 0x0000000743300000, 0x0000000743300000| Untracked 
|  30|0x0000000743400000, 0x0000000743400000, 0x0000000743500000|  0%| F|  |TAMS 0x0000000743400000, 0x0000000743400000| Untracked 
|  31|0x0000000743500000, 0x0000000743500000, 0x0000000743600000|  0%| F|  |TAMS 0x0000000743500000, 0x0000000743500000| Untracked 
|  32|0x0000000743600000, 0x0000000743600000, 0x0000000743700000|  0%| F|  |TAMS 0x0000000743600000, 0x0000000743600000| Untracked 
|  33|0x0000000743700000, 0x0000000743700000, 0x0000000743800000|  0%| F|  |TAMS 0x0000000743700000, 0x0000000743700000| Untracked 
|  34|0x0000000743800000, 0x0000000743800000, 0x0000000743900000|  0%| F|  |TAMS 0x0000000743800000, 0x0000000743800000| Untracked 
|  35|0x0000000743900000, 0x0000000743900000, 0x0000000743a00000|  0%| F|  |TAMS 0x0000000743900000, 0x0000000743900000| Untracked 
|  36|0x0000000743a00000, 0x0000000743a00000, 0x0000000743b00000|  0%| F|  |TAMS 0x0000000743a00000, 0x0000000743a00000| Untracked 
|  37|0x0000000743b00000, 0x0000000743b00000, 0x0000000743c00000|  0%| F|  |TAMS 0x0000000743b00000, 0x0000000743b00000| Untracked 
|  38|0x0000000743c00000, 0x0000000743c00000, 0x0000000743d00000|  0%| F|  |TAMS 0x0000000743c00000, 0x0000000743c00000| Untracked 
|  39|0x0000000743d00000, 0x0000000743d00000, 0x0000000743e00000|  0%| F|  |TAMS 0x0000000743d00000, 0x0000000743d00000| Untracked 
|  40|0x0000000743e00000, 0x0000000743e00000, 0x0000000743f00000|  0%| F|  |TAMS 0x0000000743e00000, 0x0000000743e00000| Untracked 
|  41|0x0000000743f00000, 0x0000000743f00000, 0x0000000744000000|  0%| F|  |TAMS 0x0000000743f00000, 0x0000000743f00000| Untracked 
|  42|0x0000000744000000, 0x0000000744000000, 0x0000000744100000|  0%| F|  |TAMS 0x0000000744000000, 0x0000000744000000| Untracked 
|  43|0x0000000744100000, 0x0000000744100000, 0x0000000744200000|  0%| F|  |TAMS 0x0000000744100000, 0x0000000744100000| Untracked 
|  44|0x0000000744200000, 0x0000000744200000, 0x0000000744300000|  0%| F|  |TAMS 0x0000000744200000, 0x0000000744200000| Untracked 
|  45|0x0000000744300000, 0x0000000744300000, 0x0000000744400000|  0%| F|  |TAMS 0x0000000744300000, 0x0000000744300000| Untracked 
|  46|0x0000000744400000, 0x0000000744400000, 0x0000000744500000|  0%| F|  |TAMS 0x0000000744400000, 0x0000000744400000| Untracked 
|  47|0x0000000744500000, 0x0000000744500000, 0x0000000744600000|  0%| F|  |TAMS 0x0000000744500000, 0x0000000744500000| Untracked 
|  48|0x0000000744600000, 0x0000000744600000, 0x0000000744700000|  0%| F|  |TAMS 0x0000000744600000, 0x0000000744600000| Untracked 
|  49|0x0000000744700000, 0x0000000744700000, 0x0000000744800000|  0%| F|  |TAMS 0x0000000744700000, 0x0000000744700000| Untracked 
|  50|0x0000000744800000, 0x0000000744800000, 0x0000000744900000|  0%| F|  |TAMS 0x0000000744800000, 0x0000000744800000| Untracked 
|  51|0x0000000744900000, 0x0000000744900000, 0x0000000744a00000|  0%| F|  |TAMS 0x0000000744900000, 0x0000000744900000| Untracked 
|  52|0x0000000744a00000, 0x0000000744a00000, 0x0000000744b00000|  0%| F|  |TAMS 0x0000000744a00000, 0x0000000744a00000| Untracked 
|  53|0x0000000744b00000, 0x0000000744b00000, 0x0000000744c00000|  0%| F|  |TAMS 0x0000000744b00000, 0x0000000744b00000| Untracked 
|  54|0x0000000744c00000, 0x0000000744c00000, 0x0000000744d00000|  0%| F|  |TAMS 0x0000000744c00000, 0x0000000744c00000| Untracked 
|  55|0x0000000744d00000, 0x0000000744d00000, 0x0000000744e00000|  0%| F|  |TAMS 0x0000000744d00000, 0x0000000744d00000| Untracked 
|  56|0x0000000744e00000, 0x0000000744e00000, 0x0000000744f00000|  0%| F|  |TAMS 0x0000000744e00000, 0x0000000744e00000| Untracked 
|  57|0x0000000744f00000, 0x0000000744f00000, 0x0000000745000000|  0%| F|  |TAMS 0x0000000744f00000, 0x0000000744f00000| Untracked 
|  58|0x0000000745000000, 0x0000000745000000, 0x0000000745100000|  0%| F|  |TAMS 0x0000000745000000, 0x0000000745000000| Untracked 
|  59|0x0000000745100000, 0x0000000745100000, 0x0000000745200000|  0%| F|  |TAMS 0x0000000745100000, 0x0000000745100000| Untracked 
|  60|0x0000000745200000, 0x0000000745200000, 0x0000000745300000|  0%| F|  |TAMS 0x0000000745200000, 0x0000000745200000| Untracked 
|  61|0x0000000745300000, 0x0000000745300000, 0x0000000745400000|  0%| F|  |TAMS 0x0000000745300000, 0x0000000745300000| Untracked 
|  62|0x0000000745400000, 0x0000000745400000, 0x0000000745500000|  0%| F|  |TAMS 0x0000000745400000, 0x0000000745400000| Untracked 
|  63|0x0000000745500000, 0x0000000745500000, 0x0000000745600000|  0%| F|  |TAMS 0x0000000745500000, 0x0000000745500000| Untracked 
|  64|0x0000000745600000, 0x0000000745600000, 0x0000000745700000|  0%| F|  |TAMS 0x0000000745600000, 0x0000000745600000| Untracked 
|  65|0x0000000745700000, 0x0000000745700000, 0x0000000745800000|  0%| F|  |TAMS 0x0000000745700000, 0x0000000745700000| Untracked 
|  66|0x0000000745800000, 0x0000000745800000, 0x0000000745900000|  0%| F|  |TAMS 0x0000000745800000, 0x0000000745800000| Untracked 
|  67|0x0000000745900000, 0x0000000745900000, 0x0000000745a00000|  0%| F|  |TAMS 0x0000000745900000, 0x0000000745900000| Untracked 
|  68|0x0000000745a00000, 0x0000000745a00000, 0x0000000745b00000|  0%| F|  |TAMS 0x0000000745a00000, 0x0000000745a00000| Untracked 
|  69|0x0000000745b00000, 0x0000000745b00000, 0x0000000745c00000|  0%| F|  |TAMS 0x0000000745b00000, 0x0000000745b00000| Untracked 
|  70|0x0000000745c00000, 0x0000000745c00000, 0x0000000745d00000|  0%| F|  |TAMS 0x0000000745c00000, 0x0000000745c00000| Untracked 
|  71|0x0000000745d00000, 0x0000000745d00000, 0x0000000745e00000|  0%| F|  |TAMS 0x0000000745d00000, 0x0000000745d00000| Untracked 
|  72|0x0000000745e00000, 0x0000000745e00000, 0x0000000745f00000|  0%| F|  |TAMS 0x0000000745e00000, 0x0000000745e00000| Untracked 
|  73|0x0000000745f00000, 0x0000000745f00000, 0x0000000746000000|  0%| F|  |TAMS 0x0000000745f00000, 0x0000000745f00000| Untracked 
|  74|0x0000000746000000, 0x0000000746000000, 0x0000000746100000|  0%| F|  |TAMS 0x0000000746000000, 0x0000000746000000| Untracked 
|  75|0x0000000746100000, 0x0000000746100000, 0x0000000746200000|  0%| F|  |TAMS 0x0000000746100000, 0x0000000746100000| Untracked 
|  76|0x0000000746200000, 0x0000000746200000, 0x0000000746300000|  0%| F|  |TAMS 0x0000000746200000, 0x0000000746200000| Untracked 
|  77|0x0000000746300000, 0x0000000746300000, 0x0000000746400000|  0%| F|  |TAMS 0x0000000746300000, 0x0000000746300000| Untracked 
|  78|0x0000000746400000, 0x0000000746400000, 0x0000000746500000|  0%| F|  |TAMS 0x0000000746400000, 0x0000000746400000| Untracked 
|  79|0x0000000746500000, 0x0000000746500000, 0x0000000746600000|  0%| F|  |TAMS 0x0000000746500000, 0x0000000746500000| Untracked 
|  80|0x0000000746600000, 0x0000000746600000, 0x0000000746700000|  0%| F|  |TAMS 0x0000000746600000, 0x0000000746600000| Untracked 
|  81|0x0000000746700000, 0x0000000746700000, 0x0000000746800000|  0%| F|  |TAMS 0x0000000746700000, 0x0000000746700000| Untracked 
|  82|0x0000000746800000, 0x0000000746800000, 0x0000000746900000|  0%| F|  |TAMS 0x0000000746800000, 0x0000000746800000| Untracked 
|  83|0x0000000746900000, 0x0000000746900000, 0x0000000746a00000|  0%| F|  |TAMS 0x0000000746900000, 0x0000000746900000| Untracked 
|  84|0x0000000746a00000, 0x0000000746a00000, 0x0000000746b00000|  0%| F|  |TAMS 0x0000000746a00000, 0x0000000746a00000| Untracked 
|  85|0x0000000746b00000, 0x0000000746b00000, 0x0000000746c00000|  0%| F|  |TAMS 0x0000000746b00000, 0x0000000746b00000| Untracked 
|  86|0x0000000746c00000, 0x0000000746c00000, 0x0000000746d00000|  0%| F|  |TAMS 0x0000000746c00000, 0x0000000746c00000| Untracked 
|  87|0x0000000746d00000, 0x0000000746d00000, 0x0000000746e00000|  0%| F|  |TAMS 0x0000000746d00000, 0x0000000746d00000| Untracked 
|  88|0x0000000746e00000, 0x0000000746e00000, 0x0000000746f00000|  0%| F|  |TAMS 0x0000000746e00000, 0x0000000746e00000| Untracked 
|  89|0x0000000746f00000, 0x0000000746f00000, 0x0000000747000000|  0%| F|  |TAMS 0x0000000746f00000, 0x0000000746f00000| Untracked 
|  90|0x0000000747000000, 0x0000000747000000, 0x0000000747100000|  0%| F|  |TAMS 0x0000000747000000, 0x0000000747000000| Untracked 
|  91|0x0000000747100000, 0x0000000747100000, 0x0000000747200000|  0%| F|  |TAMS 0x0000000747100000, 0x0000000747100000| Untracked 
|  92|0x0000000747200000, 0x0000000747200000, 0x0000000747300000|  0%| F|  |TAMS 0x0000000747200000, 0x0000000747200000| Untracked 
|  93|0x0000000747300000, 0x0000000747300000, 0x0000000747400000|  0%| F|  |TAMS 0x0000000747300000, 0x0000000747300000| Untracked 
|  94|0x0000000747400000, 0x0000000747400000, 0x0000000747500000|  0%| F|  |TAMS 0x0000000747400000, 0x0000000747400000| Untracked 
|  95|0x0000000747500000, 0x0000000747500000, 0x0000000747600000|  0%| F|  |TAMS 0x0000000747500000, 0x0000000747500000| Untracked 
|  96|0x0000000747600000, 0x0000000747600000, 0x0000000747700000|  0%| F|  |TAMS 0x0000000747600000, 0x0000000747600000| Untracked 
|  97|0x0000000747700000, 0x0000000747700000, 0x0000000747800000|  0%| F|  |TAMS 0x0000000747700000, 0x0000000747700000| Untracked 
|  98|0x0000000747800000, 0x0000000747800000, 0x0000000747900000|  0%| F|  |TAMS 0x0000000747800000, 0x0000000747800000| Untracked 
|  99|0x0000000747900000, 0x0000000747900000, 0x0000000747a00000|  0%| F|  |TAMS 0x0000000747900000, 0x0000000747900000| Untracked 
| 100|0x0000000747a00000, 0x0000000747a00000, 0x0000000747b00000|  0%| F|  |TAMS 0x0000000747a00000, 0x0000000747a00000| Untracked 
| 101|0x0000000747b00000, 0x0000000747b00000, 0x0000000747c00000|  0%| F|  |TAMS 0x0000000747b00000, 0x0000000747b00000| Untracked 
| 102|0x0000000747c00000, 0x0000000747c00000, 0x0000000747d00000|  0%| F|  |TAMS 0x0000000747c00000, 0x0000000747c00000| Untracked 
| 103|0x0000000747d00000, 0x0000000747d00000, 0x0000000747e00000|  0%| F|  |TAMS 0x0000000747d00000, 0x0000000747d00000| Untracked 
| 104|0x0000000747e00000, 0x0000000747e00000, 0x0000000747f00000|  0%| F|  |TAMS 0x0000000747e00000, 0x0000000747e00000| Untracked 
| 105|0x0000000747f00000, 0x0000000747f00000, 0x0000000748000000|  0%| F|  |TAMS 0x0000000747f00000, 0x0000000747f00000| Untracked 
| 106|0x0000000748000000, 0x0000000748000000, 0x0000000748100000|  0%| F|  |TAMS 0x0000000748000000, 0x0000000748000000| Untracked 
| 107|0x0000000748100000, 0x0000000748100000, 0x0000000748200000|  0%| F|  |TAMS 0x0000000748100000, 0x0000000748100000| Untracked 
| 108|0x0000000748200000, 0x0000000748200000, 0x0000000748300000|  0%| F|  |TAMS 0x0000000748200000, 0x0000000748200000| Untracked 
| 109|0x0000000748300000, 0x0000000748300000, 0x0000000748400000|  0%| F|  |TAMS 0x0000000748300000, 0x0000000748300000| Untracked 
| 110|0x0000000748400000, 0x0000000748400000, 0x0000000748500000|  0%| F|  |TAMS 0x0000000748400000, 0x0000000748400000| Untracked 
| 111|0x0000000748500000, 0x0000000748500000, 0x0000000748600000|  0%| F|  |TAMS 0x0000000748500000, 0x0000000748500000| Untracked 
| 112|0x0000000748600000, 0x0000000748600000, 0x0000000748700000|  0%| F|  |TAMS 0x0000000748600000, 0x0000000748600000| Untracked 
| 113|0x0000000748700000, 0x0000000748700000, 0x0000000748800000|  0%| F|  |TAMS 0x0000000748700000, 0x0000000748700000| Untracked 
| 114|0x0000000748800000, 0x0000000748800000, 0x0000000748900000|  0%| F|  |TAMS 0x0000000748800000, 0x0000000748800000| Untracked 
| 115|0x0000000748900000, 0x0000000748900000, 0x0000000748a00000|  0%| F|  |TAMS 0x0000000748900000, 0x0000000748900000| Untracked 
| 116|0x0000000748a00000, 0x0000000748a00000, 0x0000000748b00000|  0%| F|  |TAMS 0x0000000748a00000, 0x0000000748a00000| Untracked 
| 117|0x0000000748b00000, 0x0000000748b00000, 0x0000000748c00000|  0%| F|  |TAMS 0x0000000748b00000, 0x0000000748b00000| Untracked 
| 118|0x0000000748c00000, 0x0000000748c00000, 0x0000000748d00000|  0%| F|  |TAMS 0x0000000748c00000, 0x0000000748c00000| Untracked 
| 119|0x0000000748d00000, 0x0000000748d00000, 0x0000000748e00000|  0%| F|  |TAMS 0x0000000748d00000, 0x0000000748d00000| Untracked 
| 120|0x0000000748e00000, 0x0000000748e00000, 0x0000000748f00000|  0%| F|  |TAMS 0x0000000748e00000, 0x0000000748e00000| Untracked 
| 121|0x0000000748f00000, 0x0000000748f00000, 0x0000000749000000|  0%| F|  |TAMS 0x0000000748f00000, 0x0000000748f00000| Untracked 
| 122|0x0000000749000000, 0x0000000749000000, 0x0000000749100000|  0%| F|  |TAMS 0x0000000749000000, 0x0000000749000000| Untracked 
| 123|0x0000000749100000, 0x0000000749100000, 0x0000000749200000|  0%| F|  |TAMS 0x0000000749100000, 0x0000000749100000| Untracked 
| 124|0x0000000749200000, 0x0000000749200000, 0x0000000749300000|  0%| F|  |TAMS 0x0000000749200000, 0x0000000749200000| Untracked 
| 125|0x0000000749300000, 0x0000000749300000, 0x0000000749400000|  0%| F|  |TAMS 0x0000000749300000, 0x0000000749300000| Untracked 
| 126|0x0000000749400000, 0x0000000749400000, 0x0000000749500000|  0%| F|  |TAMS 0x0000000749400000, 0x0000000749400000| Untracked 
| 127|0x0000000749500000, 0x0000000749500000, 0x0000000749600000|  0%| F|  |TAMS 0x0000000749500000, 0x0000000749500000| Untracked 
| 128|0x0000000749600000, 0x0000000749600000, 0x0000000749700000|  0%| F|  |TAMS 0x0000000749600000, 0x0000000749600000| Untracked 
| 129|0x0000000749700000, 0x0000000749700000, 0x0000000749800000|  0%| F|  |TAMS 0x0000000749700000, 0x0000000749700000| Untracked 
| 130|0x0000000749800000, 0x0000000749800000, 0x0000000749900000|  0%| F|  |TAMS 0x0000000749800000, 0x0000000749800000| Untracked 
| 131|0x0000000749900000, 0x0000000749900000, 0x0000000749a00000|  0%| F|  |TAMS 0x0000000749900000, 0x0000000749900000| Untracked 
| 132|0x0000000749a00000, 0x0000000749a374b8, 0x0000000749b00000| 21%| S|CS|TAMS 0x0000000749a00000, 0x0000000749a00000| Complete 
| 133|0x0000000749b00000, 0x0000000749c00000, 0x0000000749c00000|100%| S|CS|TAMS 0x0000000749b00000, 0x0000000749b00000| Complete 
| 134|0x0000000749c00000, 0x0000000749d00000, 0x0000000749d00000|100%| S|CS|TAMS 0x0000000749c00000, 0x0000000749c00000| Complete 
| 135|0x0000000749d00000, 0x0000000749e00000, 0x0000000749e00000|100%| S|CS|TAMS 0x0000000749d00000, 0x0000000749d00000| Complete 
| 136|0x0000000749e00000, 0x0000000749f00000, 0x0000000749f00000|100%| S|CS|TAMS 0x0000000749e00000, 0x0000000749e00000| Complete 
| 137|0x0000000749f00000, 0x0000000749f00000, 0x000000074a000000|  0%| F|  |TAMS 0x0000000749f00000, 0x0000000749f00000| Untracked 
| 138|0x000000074a000000, 0x000000074a000000, 0x000000074a100000|  0%| F|  |TAMS 0x000000074a000000, 0x000000074a000000| Untracked 
| 139|0x000000074a100000, 0x000000074a100000, 0x000000074a200000|  0%| F|  |TAMS 0x000000074a100000, 0x000000074a100000| Untracked 
| 140|0x000000074a200000, 0x000000074a200000, 0x000000074a300000|  0%| F|  |TAMS 0x000000074a200000, 0x000000074a200000| Untracked 
| 141|0x000000074a300000, 0x000000074a300000, 0x000000074a400000|  0%| F|  |TAMS 0x000000074a300000, 0x000000074a300000| Untracked 
| 142|0x000000074a400000, 0x000000074a400000, 0x000000074a500000|  0%| F|  |TAMS 0x000000074a400000, 0x000000074a400000| Untracked 
| 143|0x000000074a500000, 0x000000074a500000, 0x000000074a600000|  0%| F|  |TAMS 0x000000074a500000, 0x000000074a500000| Untracked 
| 144|0x000000074a600000, 0x000000074a700000, 0x000000074a700000|100%| S|CS|TAMS 0x000000074a600000, 0x000000074a600000| Complete 
| 145|0x000000074a700000, 0x000000074a800000, 0x000000074a800000|100%| S|CS|TAMS 0x000000074a700000, 0x000000074a700000| Complete 
| 146|0x000000074a800000, 0x000000074a800000, 0x000000074a900000|  0%| F|  |TAMS 0x000000074a800000, 0x000000074a800000| Untracked 
| 147|0x000000074a900000, 0x000000074a900000, 0x000000074aa00000|  0%| F|  |TAMS 0x000000074a900000, 0x000000074a900000| Untracked 
| 148|0x000000074aa00000, 0x000000074aa00000, 0x000000074ab00000|  0%| F|  |TAMS 0x000000074aa00000, 0x000000074aa00000| Untracked 
| 149|0x000000074ab00000, 0x000000074ab00000, 0x000000074ac00000|  0%| F|  |TAMS 0x000000074ab00000, 0x000000074ab00000| Untracked 
| 150|0x000000074ac00000, 0x000000074ac00000, 0x000000074ad00000|  0%| F|  |TAMS 0x000000074ac00000, 0x000000074ac00000| Untracked 
| 151|0x000000074ad00000, 0x000000074ad00000, 0x000000074ae00000|  0%| F|  |TAMS 0x000000074ad00000, 0x000000074ad00000| Untracked 
| 152|0x000000074ae00000, 0x000000074ae00000, 0x000000074af00000|  0%| F|  |TAMS 0x000000074ae00000, 0x000000074ae00000| Untracked 
| 153|0x000000074af00000, 0x000000074af00000, 0x000000074b000000|  0%| F|  |TAMS 0x000000074af00000, 0x000000074af00000| Untracked 
| 154|0x000000074b000000, 0x000000074b000000, 0x000000074b100000|  0%| F|  |TAMS 0x000000074b000000, 0x000000074b000000| Untracked 
| 155|0x000000074b100000, 0x000000074b100000, 0x000000074b200000|  0%| F|  |TAMS 0x000000074b100000, 0x000000074b100000| Untracked 
| 156|0x000000074b200000, 0x000000074b200000, 0x000000074b300000|  0%| F|  |TAMS 0x000000074b200000, 0x000000074b200000| Untracked 
| 157|0x000000074b300000, 0x000000074b300000, 0x000000074b400000|  0%| F|  |TAMS 0x000000074b300000, 0x000000074b300000| Untracked 
| 158|0x000000074b400000, 0x000000074b400000, 0x000000074b500000|  0%| F|  |TAMS 0x000000074b400000, 0x000000074b400000| Untracked 
| 159|0x000000074b500000, 0x000000074b500000, 0x000000074b600000|  0%| F|  |TAMS 0x000000074b500000, 0x000000074b500000| Untracked 
| 160|0x000000074b600000, 0x000000074b600000, 0x000000074b700000|  0%| F|  |TAMS 0x000000074b600000, 0x000000074b600000| Untracked 
| 161|0x000000074b700000, 0x000000074b700000, 0x000000074b800000|  0%| F|  |TAMS 0x000000074b700000, 0x000000074b700000| Untracked 
| 162|0x000000074b800000, 0x000000074b800000, 0x000000074b900000|  0%| F|  |TAMS 0x000000074b800000, 0x000000074b800000| Untracked 
| 163|0x000000074b900000, 0x000000074b900000, 0x000000074ba00000|  0%| F|  |TAMS 0x000000074b900000, 0x000000074b900000| Untracked 
| 164|0x000000074ba00000, 0x000000074ba00000, 0x000000074bb00000|  0%| F|  |TAMS 0x000000074ba00000, 0x000000074ba00000| Untracked 
| 165|0x000000074bb00000, 0x000000074bb00000, 0x000000074bc00000|  0%| F|  |TAMS 0x000000074bb00000, 0x000000074bb00000| Untracked 
| 166|0x000000074bc00000, 0x000000074bc00000, 0x000000074bd00000|  0%| F|  |TAMS 0x000000074bc00000, 0x000000074bc00000| Untracked 
| 167|0x000000074bd00000, 0x000000074bd00000, 0x000000074be00000|  0%| F|  |TAMS 0x000000074bd00000, 0x000000074bd00000| Untracked 
| 168|0x000000074be00000, 0x000000074be00000, 0x000000074bf00000|  0%| F|  |TAMS 0x000000074be00000, 0x000000074be00000| Untracked 
| 169|0x000000074bf00000, 0x000000074bf00000, 0x000000074c000000|  0%| F|  |TAMS 0x000000074bf00000, 0x000000074bf00000| Untracked 
| 170|0x000000074c000000, 0x000000074c000000, 0x000000074c100000|  0%| F|  |TAMS 0x000000074c000000, 0x000000074c000000| Untracked 
| 171|0x000000074c100000, 0x000000074c100000, 0x000000074c200000|  0%| F|  |TAMS 0x000000074c100000, 0x000000074c100000| Untracked 
| 172|0x000000074c200000, 0x000000074c200000, 0x000000074c300000|  0%| F|  |TAMS 0x000000074c200000, 0x000000074c200000| Untracked 
| 173|0x000000074c300000, 0x000000074c300000, 0x000000074c400000|  0%| F|  |TAMS 0x000000074c300000, 0x000000074c300000| Untracked 
| 174|0x000000074c400000, 0x000000074c400000, 0x000000074c500000|  0%| F|  |TAMS 0x000000074c400000, 0x000000074c400000| Untracked 
| 175|0x000000074c500000, 0x000000074c500000, 0x000000074c600000|  0%| F|  |TAMS 0x000000074c500000, 0x000000074c500000| Untracked 
| 176|0x000000074c600000, 0x000000074c600000, 0x000000074c700000|  0%| F|  |TAMS 0x000000074c600000, 0x000000074c600000| Untracked 
| 177|0x000000074c700000, 0x000000074c700000, 0x000000074c800000|  0%| F|  |TAMS 0x000000074c700000, 0x000000074c700000| Untracked 
| 178|0x000000074c800000, 0x000000074c800000, 0x000000074c900000|  0%| F|  |TAMS 0x000000074c800000, 0x000000074c800000| Untracked 
| 179|0x000000074c900000, 0x000000074c900000, 0x000000074ca00000|  0%| F|  |TAMS 0x000000074c900000, 0x000000074c900000| Untracked 
| 180|0x000000074ca00000, 0x000000074ca00000, 0x000000074cb00000|  0%| F|  |TAMS 0x000000074ca00000, 0x000000074ca00000| Untracked 
| 181|0x000000074cb00000, 0x000000074cb00000, 0x000000074cc00000|  0%| F|  |TAMS 0x000000074cb00000, 0x000000074cb00000| Untracked 
| 182|0x000000074cc00000, 0x000000074cc00000, 0x000000074cd00000|  0%| F|  |TAMS 0x000000074cc00000, 0x000000074cc00000| Untracked 
| 183|0x000000074cd00000, 0x000000074cd00000, 0x000000074ce00000|  0%| F|  |TAMS 0x000000074cd00000, 0x000000074cd00000| Untracked 
| 184|0x000000074ce00000, 0x000000074ce00000, 0x000000074cf00000|  0%| F|  |TAMS 0x000000074ce00000, 0x000000074ce00000| Untracked 
| 185|0x000000074cf00000, 0x000000074cf00000, 0x000000074d000000|  0%| F|  |TAMS 0x000000074cf00000, 0x000000074cf00000| Untracked 
| 186|0x000000074d000000, 0x000000074d000000, 0x000000074d100000|  0%| F|  |TAMS 0x000000074d000000, 0x000000074d000000| Untracked 
| 187|0x000000074d100000, 0x000000074d100000, 0x000000074d200000|  0%| F|  |TAMS 0x000000074d100000, 0x000000074d100000| Untracked 
| 188|0x000000074d200000, 0x000000074d200000, 0x000000074d300000|  0%| F|  |TAMS 0x000000074d200000, 0x000000074d200000| Untracked 
| 189|0x000000074d300000, 0x000000074d300000, 0x000000074d400000|  0%| F|  |TAMS 0x000000074d300000, 0x000000074d300000| Untracked 
| 190|0x000000074d400000, 0x000000074d500000, 0x000000074d500000|100%| E|  |TAMS 0x000000074d400000, 0x000000074d400000| Complete 
| 191|0x000000074d500000, 0x000000074d600000, 0x000000074d600000|100%| E|CS|TAMS 0x000000074d500000, 0x000000074d500000| Complete 

Card table byte_map: [0x000001bcc6020000,0x000001bcc6620000] _byte_map_base: 0x000001bcc2615000

Marking Bits (Prev, Next): (CMBitMap*) 0x000001bcb113f890, (CMBitMap*) 0x000001bcb113f858
 Prev Bits: [0x000001bcc9bd0000, 0x000001bcccb78000)
 Next Bits: [0x000001bcc6c20000, 0x000001bcc9bc8000)

Polling page: 0x000001bcb11c0000

Metaspace:

Usage:
  Non-class:     26.79 MB capacity,    26.61 MB (>99%) used,   138.73 KB ( <1%) free+waste,    46.94 KB ( <1%) overhead. 
      Class:      3.77 MB capacity,     3.57 MB ( 95%) used,   174.54 KB (  5%) free+waste,    22.63 KB ( <1%) overhead. 
       Both:     30.56 MB capacity,    30.19 MB ( 99%) used,   313.27 KB (  1%) free+waste,    69.56 KB ( <1%) overhead. 

Virtual space:
  Non-class space:       28.00 MB reserved,      27.00 MB ( 96%) committed 
      Class space:        1.00 GB reserved,       3.87 MB ( <1%) committed 
             Both:        1.03 GB reserved,      30.87 MB (  3%) committed 

Chunk freelists:
   Non-Class:  23.00 KB
       Class:  15.00 KB
        Both:  38.00 KB

MaxMetaspaceSize: 17179869184.00 GB
CompressedClassSpaceSize: 1.00 GB
Initial GC threshold: 20.80 MB
Current GC threshold: 35.20 MB
CDS: off

CodeHeap 'non-profiled nmethods': size=120064Kb used=856Kb max_used=856Kb free=119207Kb
 bounds [0x000001bcbdec0000, 0x000001bcbe130000, 0x000001bcc5400000]
CodeHeap 'profiled nmethods': size=120000Kb used=4759Kb max_used=4759Kb free=115240Kb
 bounds [0x000001bcb6990000, 0x000001bcb6e40000, 0x000001bcbdec0000]
CodeHeap 'non-nmethods': size=5696Kb used=1252Kb max_used=1269Kb free=4443Kb
 bounds [0x000001bcb6400000, 0x000001bcb6670000, 0x000001bcb6990000]
 total_blobs=2851 nmethods=2329 adapters=434
 compilation: enabled
              stopped_count=0, restarted_count=0
 full_count=0

Compilation events (20 events):
Event: 3.209 Thread 0x000001bccfad2000 2321       3       org.jetbrains.kotlin.com.intellij.openapi.vfs.impl.jar.CoreJarHandler::<init> (236 bytes)
Event: 3.212 Thread 0x000001bccfad2000 nmethod 2321 0x000001bcb6e2ad90 code [0x000001bcb6e2b240, 0x000001bcb6e2dc28]
Event: 3.227 Thread 0x000001bccfad2000 2324       3       jdk.internal.misc.Unsafe::checkNativeAddress (28 bytes)
Event: 3.227 Thread 0x000001bccfad2000 nmethod 2324 0x000001bcb6e2e690 code [0x000001bcb6e2e840, 0x000001bcb6e2e958]
Event: 3.231 Thread 0x000001bccfad2000 2326       3       java.lang.invoke.VarHandleGuards::guard_LII_Z (70 bytes)
Event: 3.233 Thread 0x000001bccfad2000 nmethod 2326 0x000001bcb6e2ea10 code [0x000001bcb6e2ecc0, 0x000001bcb6e2fc68]
Event: 3.233 Thread 0x000001bccfad2000 2327       3       java.lang.invoke.VarHandleInts$FieldInstanceReadWrite::compareAndSet (24 bytes)
Event: 3.234 Thread 0x000001bccfad2000 nmethod 2327 0x000001bcb6e30190 code [0x000001bcb6e303a0, 0x000001bcb6e30868]
Event: 3.238 Thread 0x000001bccfad2000 2330       3       java.util.zip.ZipUtils::LOCSIG (6 bytes)
Event: 3.238 Thread 0x000001bccfad2000 nmethod 2330 0x000001bcb6e30a90 code [0x000001bcb6e30c60, 0x000001bcb6e30f18]
Event: 3.246 Thread 0x000001bccfad2000 2331  s    3       java.io.ExpiringCache::get (39 bytes)
Event: 3.247 Thread 0x000001bccfad2000 nmethod 2331 0x000001bcb6e31090 code [0x000001bcb6e31260, 0x000001bcb6e31678]
Event: 3.250 Thread 0x000001bccfad2000 2333  s    3       jdk.internal.perf.PerfCounter::add (18 bytes)
Event: 3.250 Thread 0x000001bccfad2000 nmethod 2333 0x000001bcb6e31790 code [0x000001bcb6e31980, 0x000001bcb6e31ff8]
Event: 3.250 Thread 0x000001bccfad2000 2334  s    3       jdk.internal.perf.PerfCounter::get (9 bytes)
Event: 3.250 Thread 0x000001bccfad2000 nmethod 2334 0x000001bcb6e32190 code [0x000001bcb6e32360, 0x000001bcb6e326c8]
Event: 3.253 Thread 0x000001bccfad2000 2335       3       org.jetbrains.kotlin.com.intellij.openapi.util.RecursionManager::markStack (22 bytes)
Event: 3.254 Thread 0x000001bccfad2000 nmethod 2335 0x000001bcb6e32790 code [0x000001bcb6e32960, 0x000001bcb6e32d48]
Event: 3.254 Thread 0x000001bccfad2000 2336       3       org.jetbrains.kotlin.com.intellij.openapi.util.RecursionManager$2::<init> (10 bytes)
Event: 3.254 Thread 0x000001bccfad2000 nmethod 2336 0x000001bcb6e32e90 code [0x000001bcb6e33040, 0x000001bcb6e33198]

GC Heap History (4 events):
Event: 0.597 GC heap before
{Heap before GC invocations=0 (full 0):
 garbage-first heap   total 196608K, used 17408K [0x0000000741600000, 0x0000000800000000)
  region size 1024K, 14 young (14336K), 0 survivors (0K)
 Metaspace       used 9860K, capacity 10002K, committed 10112K, reserved 1058816K
  class space    used 837K, capacity 885K, committed 896K, reserved 1048576K
}
Event: 0.601 GC heap after
{Heap after GC invocations=1 (full 0):
 garbage-first heap   total 196608K, used 5318K [0x0000000741600000, 0x0000000800000000)
  region size 1024K, 2 young (2048K), 2 survivors (2048K)
 Metaspace       used 9860K, capacity 10002K, committed 10112K, reserved 1058816K
  class space    used 837K, capacity 885K, committed 896K, reserved 1048576K
}
Event: 1.787 GC heap before
{Heap before GC invocations=1 (full 0):
 garbage-first heap   total 196608K, used 51398K [0x0000000741600000, 0x0000000800000000)
  region size 1024K, 48 young (49152K), 2 survivors (2048K)
 Metaspace       used 20963K, capacity 21190K, committed 21248K, reserved 1069056K
  class space    used 2218K, capacity 2302K, committed 2304K, reserved 1048576K
}
Event: 1.804 GC heap after
{Heap after GC invocations=2 (full 0):
 garbage-first heap   total 196608K, used 9798K [0x0000000741600000, 0x0000000800000000)
  region size 1024K, 7 young (7168K), 7 survivors (7168K)
 Metaspace       used 20963K, capacity 21190K, committed 21248K, reserved 1069056K
  class space    used 2218K, capacity 2302K, committed 2304K, reserved 1048576K
}

Deoptimization events (20 events):
Event: 2.785 Thread 0x000001bcb10ee800 DEOPT PACKING pc=0x000001bcbdf5c684 sp=0x000000274bcfdfc0
Event: 2.785 Thread 0x000001bcb10ee800 DEOPT UNPACKING pc=0x000001bcb644a1af sp=0x000000274bcfdf38 mode 2
Event: 3.024 Thread 0x000001bcb10ee800 DEOPT PACKING pc=0x000001bcb6cefef8 sp=0x000000274bcfe150
Event: 3.025 Thread 0x000001bcb10ee800 DEOPT UNPACKING pc=0x000001bcb644a95e sp=0x000000274bcfd658 mode 0
Event: 3.053 Thread 0x000001bcb10ee800 Uncommon trap: trap_request=0xffffff4d fr.pc=0x000001bcbdf83ad0 relative=0x00000000000007b0
Event: 3.053 Thread 0x000001bcb10ee800 Uncommon trap: reason=unstable_if action=reinterpret pc=0x000001bcbdf83ad0 method=org.jetbrains.kotlin.com.intellij.openapi.vfs.impl.ZipEntryMap.isTheOne(Lorg/jetbrains/kotlin/com/intellij/openapi/vfs/impl/ArchiveHandler$EntryInfo;Ljava/lang/CharSequence;
Event: 3.053 Thread 0x000001bcb10ee800 DEOPT PACKING pc=0x000001bcbdf83ad0 sp=0x000000274bcfe340
Event: 3.053 Thread 0x000001bcb10ee800 DEOPT UNPACKING pc=0x000001bcb644a1af sp=0x000000274bcfe288 mode 2
Event: 3.086 Thread 0x000001bcb10ee800 DEOPT PACKING pc=0x000001bcb6cefef8 sp=0x000000274bcfe150
Event: 3.086 Thread 0x000001bcb10ee800 DEOPT UNPACKING pc=0x000001bcb644a95e sp=0x000000274bcfd658 mode 0
Event: 3.099 Thread 0x000001bcb10ee800 Uncommon trap: trap_request=0xffffff4d fr.pc=0x000001bcbdf815e4 relative=0x00000000000004e4
Event: 3.099 Thread 0x000001bcb10ee800 Uncommon trap: reason=unstable_if action=reinterpret pc=0x000001bcbdf815e4 method=org.jetbrains.kotlin.com.intellij.openapi.vfs.impl.ZipEntryMap.isTheOne(Lorg/jetbrains/kotlin/com/intellij/openapi/vfs/impl/ArchiveHandler$EntryInfo;Ljava/lang/CharSequence;
Event: 3.099 Thread 0x000001bcb10ee800 DEOPT PACKING pc=0x000001bcbdf815e4 sp=0x000000274bcfe2e0
Event: 3.099 Thread 0x000001bcb10ee800 DEOPT UNPACKING pc=0x000001bcb644a1af sp=0x000000274bcfe290 mode 2
Event: 3.099 Thread 0x000001bcb10ee800 Uncommon trap: trap_request=0xffffff4d fr.pc=0x000001bcbdf8a264 relative=0x00000000000009e4
Event: 3.099 Thread 0x000001bcb10ee800 Uncommon trap: reason=unstable_if action=reinterpret pc=0x000001bcbdf8a264 method=org.jetbrains.kotlin.com.intellij.openapi.vfs.impl.ZipEntryMap.isTheOne(Lorg/jetbrains/kotlin/com/intellij/openapi/vfs/impl/ArchiveHandler$EntryInfo;Ljava/lang/CharSequence;
Event: 3.099 Thread 0x000001bcb10ee800 DEOPT PACKING pc=0x000001bcbdf8a264 sp=0x000000274bcfe270
Event: 3.099 Thread 0x000001bcb10ee800 DEOPT UNPACKING pc=0x000001bcb644a1af sp=0x000000274bcfe1d8 mode 2
Event: 3.214 Thread 0x000001bcb10ee800 DEOPT PACKING pc=0x000001bcb6d4475b sp=0x000000274bcfdba0
Event: 3.214 Thread 0x000001bcb10ee800 DEOPT UNPACKING pc=0x000001bcb644a95e sp=0x000000274bcfd018 mode 0

Classes redefined (0 events):
No events

Internal exceptions (20 events):
Event: 1.478 Thread 0x000001bcb10ee800 Exception <a 'java/lang/NoSuchMethodError'{0x000000074b25e818}: 'long java.lang.invoke.Invokers$Holder.invoke_MT(java.lang.Object, java.lang.Object, java.lang.Object, java.lang.Object)'> (0x000000074b25e818) thrown at [./src/hotspot/share/interpreter/linkResolver.cpp, line 773]
Event: 1.479 Thread 0x000001bcb10ee800 Exception <a 'java/lang/NoSuchMethodError'{0x000000074b261e98}: 'long java.lang.invoke.DelegatingMethodHandle$Holder.reinvoke_L(java.lang.Object, java.lang.Object, java.lang.Object)'> (0x000000074b261e98) thrown at [./src/hotspot/share/interpreter/linkResolver.cpp, line 773]
Event: 1.480 Thread 0x000001bcb10ee800 Exception <a 'java/lang/NoSuchMethodError'{0x000000074b26bb58}: 'int java.lang.invoke.DirectMethodHandle$Holder.invokeSpecial(java.lang.Object, java.lang.Object, java.lang.Object, java.lang.Object)'> (0x000000074b26bb58) thrown at [./src/hotspot/share/interpreter/linkResolver.cpp, line 773]
Event: 1.483 Thread 0x000001bcb10ee800 Exception <a 'java/lang/NoSuchMethodError'{0x000000074b27a938}: 'int java.lang.invoke.DelegatingMethodHandle$Holder.reinvoke_L(java.lang.Object, java.lang.Object, java.lang.Object, long, int)'> (0x000000074b27a938) thrown at [./src/hotspot/share/interpreter/linkResolver.cpp, line 773]
Event: 1.639 Thread 0x000001bcb10ee800 Exception <a 'java/lang/NoSuchMethodError'{0x000000074aedffb0}: 'int java.lang.invoke.DirectMethodHandle$Holder.invokeSpecialIFC(java.lang.Object, java.lang.Object, int)'> (0x000000074aedffb0) thrown at [./src/hotspot/share/interpreter/linkResolver.cpp, line 773]
Event: 1.781 Thread 0x000001bcb10ee800 Exception <a 'java/lang/NoSuchMethodError'{0x000000074a616398}: 'java.lang.Object java.lang.invoke.DirectMethodHandle$Holder.invokeStaticInit(java.lang.Object, int)'> (0x000000074a616398) thrown at [./src/hotspot/share/interpreter/linkResolver.cpp, line 773]
Event: 1.833 Thread 0x000001bcb10ee800 Exception <a 'java/lang/NoSuchMethodError'{0x000000074d46a750}: 'long java.lang.invoke.DirectMethodHandle$Holder.invokeStatic(java.lang.Object)'> (0x000000074d46a750) thrown at [./src/hotspot/share/interpreter/linkResolver.cpp, line 773]
Event: 1.834 Thread 0x000001bcb10ee800 Exception <a 'java/lang/NoSuchMethodError'{0x000000074d46d5a8}: 'long java.lang.invoke.DirectMethodHandle$Holder.invokeStaticInit(java.lang.Object)'> (0x000000074d46d5a8) thrown at [./src/hotspot/share/interpreter/linkResolver.cpp, line 773]
Event: 1.905 Thread 0x000001bcb10ee800 Exception <a 'java/lang/NoSuchMethodError'{0x000000074d08f5c0}: 'int java.lang.invoke.DirectMethodHandle$Holder.invokeStaticInit(java.lang.Object, java.lang.Object, java.lang.Object)'> (0x000000074d08f5c0) thrown at [./src/hotspot/share/interpreter/linkResolver.cpp, line 773]
Event: 1.912 Thread 0x000001bcb10ee800 Exception <a 'java/lang/NoSuchMethodError'{0x000000074d0bab50}: 'int java.lang.invoke.DirectMethodHandle$Holder.invokeStaticInit(java.lang.Object, java.lang.Object)'> (0x000000074d0bab50) thrown at [./src/hotspot/share/interpreter/linkResolver.cpp, line 773]
Event: 1.969 Thread 0x000001bcb10ee800 Exception <a 'java/lang/NoSuchMethodError'{0x000000074cec9de0}: 'void java.lang.invoke.DirectMethodHandle$Holder.invokeSpecial(java.lang.Object, java.lang.Object)'> (0x000000074cec9de0) thrown at [./src/hotspot/share/interpreter/linkResolver.cpp, line 773]
Event: 2.211 Thread 0x000001bcb10ee800 Exception <a 'java/lang/NoSuchMethodError'{0x000000074c531fd0}: 'java.lang.Object java.lang.invoke.DirectMethodHandle$Holder.invokeStatic(java.lang.Object, java.lang.Object, java.lang.Object, java.lang.Object, java.lang.Object, java.lang.Object, java.lang.Object, java.lang.Object, java.lang.Object, java.lang.Object, java.lang.Object, java.lang.Object, java.lang.Object, java.lang.Object, java.lang.Object)'> (0x000000074c531fd0) thrown at [./src/hotspot/share/interpreter/linkResolver.cpp, line 773]
Event: 2.213 Thread 0x000001bcb10ee800 Exception <a 'java/lang/NoSuchMethodError'{0x000000074c53ffd8}: 'java.lang.Object java.lang.invoke.DirectMethodHandle$Holder.invokeStatic(java.lang.Object, java.lang.Object, java.lang.Object, java.lang.Object, java.lang.Object, java.lang.Object, java.lang.Object, java.lang.Object, java.lang.Object, java.lang.Object, java.lang.Object, java.lang.Object, java.lang.Object, java.lang.Object, java.lang.Object, java.lang.Object)'> (0x000000074c53ffd8) thrown at [./src/hotspot/share/interpreter/linkResolver.cpp, l
Event: 2.215 Thread 0x000001bcb10ee800 Exception <a 'java/lang/NoSuchMethodError'{0x000000074c54def0}: 'java.lang.Object java.lang.invoke.DirectMethodHandle$Holder.invokeSpecial(java.lang.Object, java.lang.Object, int, int, java.lang.Object, java.lang.Object, java.lang.Object)'> (0x000000074c54def0) thrown at [./src/hotspot/share/interpreter/linkResolver.cpp, line 773]
Event: 2.215 Thread 0x000001bcb10ee800 Exception <a 'java/lang/NoSuchMethodError'{0x000000074c551728}: 'java.lang.Object java.lang.invoke.DelegatingMethodHandle$Holder.reinvoke_L(java.lang.Object, int, int, java.lang.Object, java.lang.Object, java.lang.Object)'> (0x000000074c551728) thrown at [./src/hotspot/share/interpreter/linkResolver.cpp, line 773]
Event: 2.216 Thread 0x000001bcb10ee800 Exception <a 'java/lang/NoSuchMethodError'{0x000000074c555ab0}: 'java.lang.Object java.lang.invoke.DirectMethodHandle$Holder.invokeStatic(java.lang.Object, java.lang.Object, java.lang.Object, java.lang.Object, int)'> (0x000000074c555ab0) thrown at [./src/hotspot/share/interpreter/linkResolver.cpp, line 773]
Event: 2.275 Thread 0x000001bcb10ee800 Exception <a 'java/lang/NoSuchMethodError'{0x000000074c47a6d8}: 'void java.lang.invoke.DirectMethodHandle$Holder.invokeStatic(java.lang.Object, java.lang.Object, java.lang.Object, java.lang.Object)'> (0x000000074c47a6d8) thrown at [./src/hotspot/share/interpreter/linkResolver.cpp, line 773]
Event: 2.390 Thread 0x000001bcb10ee800 Exception <a 'java/lang/NoSuchMethodError'{0x000000074c0593f0}: 'void java.lang.invoke.DirectMethodHandle$Holder.invokeStaticInit(java.lang.Object, java.lang.Object)'> (0x000000074c0593f0) thrown at [./src/hotspot/share/interpreter/linkResolver.cpp, line 773]
Event: 2.520 Thread 0x000001bcb10ee800 Exception <a 'java/lang/NoSuchMethodError'{0x000000074bc82950}: 'void java.lang.invoke.DirectMethodHandle$Holder.invokeVirtual(java.lang.Object, java.lang.Object)'> (0x000000074bc82950) thrown at [./src/hotspot/share/interpreter/linkResolver.cpp, line 773]
Event: 2.536 Thread 0x000001bcb10ee800 Exception <a 'java/lang/NoSuchMethodError'{0x000000074bb0ac70}: 'int java.lang.invoke.DirectMethodHandle$Holder.invokeVirtual(java.lang.Object, java.lang.Object)'> (0x000000074bb0ac70) thrown at [./src/hotspot/share/interpreter/linkResolver.cpp, line 773]

Events (20 events):
Event: 2.776 loading class org/jetbrains/kotlin/com/intellij/openapi/vfs/impl/jar/CoreJarVirtualFile done
Event: 2.776 loading class org/jetbrains/kotlin/com/intellij/util/Function
Event: 2.776 loading class org/jetbrains/kotlin/com/intellij/util/Function done
Event: 2.777 loading class org/jetbrains/kotlin/com/intellij/util/containers/FactoryMap
Event: 2.777 loading class org/jetbrains/kotlin/com/intellij/util/containers/FactoryMap done
Event: 2.778 loading class org/jetbrains/kotlin/com/intellij/util/containers/FactoryMap$1
Event: 2.778 loading class org/jetbrains/kotlin/com/intellij/util/containers/FactoryMap$1 done
Event: 2.780 loading class org/jetbrains/kotlin/com/intellij/openapi/util/io/BufferExposingByteArrayInputStream
Event: 2.780 loading class org/jetbrains/kotlin/com/intellij/openapi/util/io/BufferExposingByteArrayInputStream done
Event: 2.780 loading class org/jetbrains/kotlin/com/intellij/util/io/UnsyncByteArrayInputStream
Event: 2.780 loading class org/jetbrains/kotlin/com/intellij/util/io/UnsyncByteArrayInputStream done
Event: 2.783 loading class org/jetbrains/kotlin/com/intellij/util/Function
Event: 2.783 loading class org/jetbrains/kotlin/com/intellij/util/Function done
Event: 2.783 loading class java/util/AbstractMap$SimpleEntry
Event: 2.783 loading class java/util/AbstractMap$SimpleEntry done
Event: 2.822 loading class java/io/RandomAccessFile$1
Event: 2.822 loading class java/io/RandomAccessFile$1 done
Event: 3.097 Loaded shared library C:\Program Files\Android\Android Studio\jre\bin\nio.dll
Event: 3.221 Loaded shared library C:\Program Files\Android\Android Studio\jre\bin\java.dll
Event: 3.249 Loaded shared library C:\Program Files\Android\Android Studio\jre\bin\java.dll


Dynamic libraries:
0x00007ff7403d0000 - 0x00007ff7403da000 	C:\Program Files\Android\Android Studio\jre\bin\java.exe
0x00007fffa9b40000 - 0x00007fffa9d30000 	C:\WINDOWS\SYSTEM32\ntdll.dll
0x00007fffa9790000 - 0x00007fffa9842000 	C:\WINDOWS\System32\KERNEL32.DLL
0x00007fffa7530000 - 0x00007fffa77d5000 	C:\WINDOWS\System32\KERNELBASE.dll
0x00007fffa6b40000 - 0x00007fffa6c3a000 	C:\WINDOWS\System32\ucrtbase.dll
0x00007fffa1060000 - 0x00007fffa1079000 	C:\Program Files\Android\Android Studio\jre\bin\jli.dll
0x00007fffa2bb0000 - 0x00007fffa2bc7000 	C:\Program Files\Android\Android Studio\jre\bin\VCRUNTIME140.dll
0x00007fffa98b0000 - 0x00007fffa9a44000 	C:\WINDOWS\System32\USER32.dll
0x00007fffa6d80000 - 0x00007fffa6da1000 	C:\WINDOWS\System32\win32u.dll
0x00007fffa7bf0000 - 0x00007fffa7c16000 	C:\WINDOWS\System32\GDI32.dll
0x00007fffa77e0000 - 0x00007fffa7978000 	C:\WINDOWS\System32\gdi32full.dll
0x00007fff9aec0000 - 0x00007fff9b144000 	C:\WINDOWS\WinSxS\amd64_microsoft.windows.common-controls_6595b64144ccf1df_6.0.18362.1379_none_9e7ff3b3e45cc0c4\COMCTL32.dll
0x00007fffa7b50000 - 0x00007fffa7bee000 	C:\WINDOWS\System32\msvcp_win.dll
0x00007fffa8e10000 - 0x00007fffa8eae000 	C:\WINDOWS\System32\msvcrt.dll
0x00007fffa7f30000 - 0x00007fffa8267000 	C:\WINDOWS\System32\combase.dll
0x00007fffa89d0000 - 0x00007fffa8aef000 	C:\WINDOWS\System32\RPCRT4.dll
0x00007fffa6c40000 - 0x00007fffa6cc1000 	C:\WINDOWS\System32\bcryptPrimitives.dll
0x00007fffa9760000 - 0x00007fffa978e000 	C:\WINDOWS\System32\IMM32.DLL
0x00007fff9b960000 - 0x00007fff9b9fd000 	C:\Program Files\Android\Android Studio\jre\bin\msvcp140.dll
0x00007fff82dd0000 - 0x00007fff838b5000 	C:\Program Files\Android\Android Studio\jre\bin\server\jvm.dll
0x00007fffa9060000 - 0x00007fffa9103000 	C:\WINDOWS\System32\ADVAPI32.dll
0x00007fffa9250000 - 0x00007fffa92e7000 	C:\WINDOWS\System32\sechost.dll
0x00007fffa9110000 - 0x00007fffa9118000 	C:\WINDOWS\System32\PSAPI.DLL
0x00007fff91b00000 - 0x00007fff91b09000 	C:\WINDOWS\SYSTEM32\WSOCK32.dll
0x00007fffa8ff0000 - 0x00007fffa905f000 	C:\WINDOWS\System32\WS2_32.dll
0x00007fffa4300000 - 0x00007fffa4324000 	C:\WINDOWS\SYSTEM32\WINMM.dll
0x00007fff9bc40000 - 0x00007fff9bc4a000 	C:\WINDOWS\SYSTEM32\VERSION.dll
0x00007fffa3c10000 - 0x00007fffa3c3d000 	C:\WINDOWS\SYSTEM32\WINMMBASE.dll
0x00007fffa6ac0000 - 0x00007fffa6b0a000 	C:\WINDOWS\System32\cfgmgr32.dll
0x00007fffa6a00000 - 0x00007fffa6a11000 	C:\WINDOWS\System32\kernel.appcore.dll
0x00007fffa3060000 - 0x00007fffa3071000 	C:\Program Files\Android\Android Studio\jre\bin\verify.dll
0x00007fff97f00000 - 0x00007fff980f4000 	C:\WINDOWS\SYSTEM32\DBGHELP.DLL
0x00007fff98250000 - 0x00007fff9827a000 	C:\WINDOWS\SYSTEM32\dbgcore.DLL
0x00007fffa3030000 - 0x00007fffa3059000 	C:\Program Files\Android\Android Studio\jre\bin\java.dll
0x00007fffa3020000 - 0x00007fffa302b000 	C:\Program Files\Android\Android Studio\jre\bin\jimage.dll
0x00007fffa2c40000 - 0x00007fffa2c58000 	C:\Program Files\Android\Android Studio\jre\bin\zip.dll
0x00007fffa8270000 - 0x00007fffa8958000 	C:\WINDOWS\System32\SHELL32.dll
0x00007fffa9120000 - 0x00007fffa91c7000 	C:\WINDOWS\System32\shcore.dll
0x00007fffa6db0000 - 0x00007fffa752b000 	C:\WINDOWS\System32\windows.storage.dll
0x00007fffa6a90000 - 0x00007fffa6ab3000 	C:\WINDOWS\System32\profapi.dll
0x00007fffa6a20000 - 0x00007fffa6a6a000 	C:\WINDOWS\System32\powrprof.dll
0x00007fffa69f0000 - 0x00007fffa6a00000 	C:\WINDOWS\System32\UMPDC.dll
0x00007fffa8af0000 - 0x00007fffa8b42000 	C:\WINDOWS\System32\shlwapi.dll
0x00007fffa79e0000 - 0x00007fffa79f7000 	C:\WINDOWS\System32\cryptsp.dll
0x00007fffa2c20000 - 0x00007fffa2c3a000 	C:\Program Files\Android\Android Studio\jre\bin\net.dll
0x00007fff9bea0000 - 0x00007fff9bf90000 	C:\WINDOWS\SYSTEM32\WINHTTP.dll
0x00007fffa6230000 - 0x00007fffa6297000 	C:\WINDOWS\system32\mswsock.dll
0x00007fffa2c00000 - 0x00007fffa2c14000 	C:\Program Files\Android\Android Studio\jre\bin\nio.dll

dbghelp: loaded successfully - version: 4.0.5 - missing functions: none
symbol engine: initialized successfully - sym options: 0x614 - pdb path: .;C:\Program Files\Android\Android Studio\jre\bin;C:\WINDOWS\SYSTEM32;C:\WINDOWS\WinSxS\amd64_microsoft.windows.common-controls_6595b64144ccf1df_6.0.18362.1379_none_9e7ff3b3e45cc0c4;C:\Program Files\Android\Android Studio\jre\bin\server

VM Arguments:
java_command: org.jetbrains.kotlin.cli.jvm.K2JVMCompiler @C:\Users\Higa\AndroidStudioProjects\ProjetoFinal\app\build\20220703_6927096184549608120.compiler.options
java_class_path (initial): C:\Users\Higa\.gradle\caches\modules-2\files-2.1\org.jetbrains.kotlin\kotlin-compiler-embeddable\1.7.0\4d09852239f61842072b40b524882fa3caaed371\kotlin-compiler-embeddable-1.7.0.jar;C:\Users\Higa\.gradle\caches\modules-2\files-2.1\org.jetbrains.kotlin\kotlin-reflect\1.7.0\e660b0079fdaf744dc9cc7f6f3aa3c761ec839b0\kotlin-reflect-1.7.0.jar;C:\Users\Higa\.gradle\caches\modules-2\files-2.1\org.jetbrains.kotlin\kotlin-stdlib\1.7.0\a5f42c684ad9003160ef0d0f693ecf0ba7b13549\kotlin-stdlib-1.7.0.jar;C:\Users\Higa\.gradle\caches\modules-2\files-2.1\org.jetbrains.kotlin\kotlin-script-runtime\1.7.0\3acea1d447587e61bc3e1b3ed6227d9e9ed4ddf1\kotlin-script-runtime-1.7.0.jar;C:\Users\Higa\.gradle\caches\modules-2\files-2.1\org.jetbrains.kotlin\kotlin-daemon-embeddable\1.7.0\fd56798de80825c673ac93808284c5198ffa2b50\kotlin-daemon-embeddable-1.7.0.jar;C:\Users\Higa\.gradle\caches\modules-2\files-2.1\org.jetbrains.intellij.deps\trove4j\1.0.20200330\3afb14d5f9ceb459d724e907a21145e8ff394f02\trove4j-1.0.20200330.jar;C:\Users\Higa\.gradle\caches\modules-2\files-2.1\net.java.dev.jna\jna\5.6.0\330f2244e9030119ab3030fc3fededc86713d9cc\jna-5.6.0.jar;C:\Users\Higa\.gradle\caches\modules-2\files-2.1\org.jetbrains.kotlin\kotlin-stdlib-common\1.7.0\51736992f422993a1e741051bdf3c12801bc1ca1\kotlin-stdlib-common-1.7.0.jar;C:\Users\Higa\.gradle\caches\modules-2\files-2.1\org.jetbrains\annotations\13.0\919f0dfe192fb4e063e7dacadee7f8bb9a2672a9\annotations-13.0.jar
Launcher Type: SUN_STANDARD

[Global flags]
     intx CICompilerCount                          = 3                                         {product} {ergonomic}
     uint ConcGCThreads                            = 1                                         {product} {ergonomic}
     uint G1ConcRefinementThreads                  = 4                                         {product} {ergonomic}
   size_t G1HeapRegionSize                         = 1048576                                   {product} {ergonomic}
    uintx GCDrainStackTargetSize                   = 64                                        {product} {ergonomic}
   size_t InitialHeapSize                          = 201326592                                 {product} {ergonomic}
   size_t MarkStackSize                            = 4194304                                   {product} {ergonomic}
   size_t MaxHeapSize                              = 3198156800                                {product} {ergonomic}
   size_t MaxNewSize                               = 1918894080                                {product} {ergonomic}
   size_t MinHeapDeltaBytes                        = 1048576                                   {product} {ergonomic}
    uintx NonNMethodCodeHeapSize                   = 5830732                                {pd product} {ergonomic}
    uintx NonProfiledCodeHeapSize                  = 122913754                              {pd product} {ergonomic}
    uintx ProfiledCodeHeapSize                     = 122913754                              {pd product} {ergonomic}
    uintx ReservedCodeCacheSize                    = 251658240                              {pd product} {ergonomic}
     bool SegmentedCodeCache                       = true                                      {product} {ergonomic}
     bool UseCompressedClassPointers               = true                                 {lp64_product} {ergonomic}
     bool UseCompressedOops                        = true                                 {lp64_product} {ergonomic}
     bool UseG1GC                                  = true                                      {product} {ergonomic}
     bool UseLargePagesIndividualAllocation        = false                                  {pd product} {ergonomic}

Logging:
Log output configuration:
 #0: stdout all=warning uptime,level,tags
 #1: stderr all=off uptime,level,tags

Environment Variables:
JAVA_HOME=C:\Program Files\Java\jdk-11.0.11
PATH=C:\WINDOWS\system32;C:\WINDOWS;C:\WINDOWS\System32\Wbem;C:\WINDOWS\System32\WindowsPowerShell\v1.0\;C:\WINDOWS\System32\OpenSSH\;C:\Program Files\Java\jdk-11.0.11\bin;C:\apache-maven-3.6.0\bin;C:\Program Files\Git\cmd;C:\Users\Higa\AppData\Local\Microsoft\WindowsApps;C:\Users\Higa\AppData\Local\Microsoft\WindowsApps;C:\Program Files\JetBrains\IntelliJ IDEA Community Edition 2021.1.1\bin;C:\Users\Higa\AppData\Local\Programs\Microsoft VS Code\bin
USERNAME=Higa
OS=Windows_NT
PROCESSOR_IDENTIFIER=Intel64 Family 6 Model 69 Stepping 1, GenuineIntel



---------------  S Y S T E M  ---------------

OS: Windows 10 , 64 bit Build 18362 (10.0.18362.1350)
OS uptime: 0 days 0:44 hours

CPU:total 4 (initial active 4) (2 cores per cpu, 2 threads per core) family 6 model 69 stepping 1 microcode 0x26, cmov, cx8, fxsr, mmx, sse, sse2, sse3, ssse3, sse4.1, sse4.2, popcnt, avx, avx2, aes, clmul, erms, lzcnt, ht, tsc, tscinvbit, bmi1, bmi2, fma

Memory: 4k page, system-wide physical 12192M (2074M free)
TotalPageFile size 14240M (AvailPageFile size 2M)
current process WorkingSet (physical memory assigned to process): 199M, peak: 199M
current process commit charge ("private bytes"): 349M, peak: 349M

vm_info: OpenJDK 64-Bit Server VM (11.0.12+7-b1504.28-7817840) for windows-amd64 JRE (11.0.12+7-b1504.28-7817840), built on Oct 13 2021 22:12:33 by "builder" with MS VC++ 14.0 (VS2015)

END.
